Построение начато 08.09.2016 17:03:20.
     1>Проект "C:\Users\user\documents\visual studio 2010\Projects\Laba 2\Laba 2\Laba 2.vcxproj" в узле 2 (целевые объекты build).
     1>InitializeBuildStatus:
         Создание "Debug\Laba 2.unsuccessfulbuild", так как было задано "AlwaysCreate".
       ClCompile:
         C:\Program Files (x86)\Microsoft Visual Studio 10.0\VC\bin\CL.exe /c /ZI /nologo /W3 /WX- /Od /Oy- /D _MBCS /Gm /EHsc /RTC1 /MDd /GS /fp:precise /Zc:wchar_t /Zc:forScope /Fo"Debug\\" /Fd"Debug\vc100.pdb" /Gd /TP /analyze- /errorReport:prompt Bomb.cpp
         Bomb.cpp
     1>c:\users\user\documents\visual studio 2010\projects\laba 2\laba 2\bomb.cpp(15): warning C4996: 'strcpy': This function or variable may be unsafe. Consider using strcpy_s instead. To disable deprecation, use _CRT_SECURE_NO_WARNINGS. See online help for details.
                 c:\program files (x86)\microsoft visual studio 10.0\vc\include\string.h(105): см. объявление "strcpy"
       Link:
         C:\Program Files (x86)\Microsoft Visual Studio 10.0\VC\bin\link.exe /ERRORREPORT:PROMPT /OUT:"C:\Users\user\documents\visual studio 2010\Projects\Laba 2\Debug\Laba 2.exe" /NOLOGO kernel32.lib user32.lib gdi32.lib winspool.lib comdlg32.lib advapi32.lib shell32.lib ole32.lib oleaut32.lib uuid.lib odbc32.lib odbccp32.lib /MANIFEST /ManifestFile:"Debug\Laba 2.exe.intermediate.manifest" /MANIFESTUAC:"level='asInvoker' uiAccess='false'" /DEBUG /PDB:"C:\Users\user\documents\visual studio 2010\Projects\Laba 2\Debug\Laba 2.pdb" /TLBID:1 /DYNAMICBASE /NXCOMPAT /IMPLIB:"C:\Users\user\documents\visual studio 2010\Projects\Laba 2\Debug\Laba 2.lib" /MACHINE:X86 Debug\Bomb.obj
         Debug\Main.obj
         LINK : не найден или не выполнена сборка C:\Users\user\documents\visual studio 2010\Projects\Laba 2\Debug\Laba 2.exe при последней инкрементной компоновке; выполняется полная компоновка
         Laba 2.vcxproj -> C:\Users\user\documents\visual studio 2010\Projects\Laba 2\Debug\Laba 2.exe
       Manifest:
         C:\Program Files (x86)\Microsoft SDKs\Windows\v7.0A\bin\mt.exe /nologo /verbose /outputresource:"C:\Users\user\documents\visual studio 2010\Projects\Laba 2\Debug\Laba 2.exe;#1" /manifest "Debug\Laba 2.exe.intermediate.manifest"
       FinalizeBuildStatus:
         Файл "Debug\Laba 2.unsuccessfulbuild" удаляется.
         Обращение к "Debug\Laba 2.lastbuildstate".
     1>Построение проекта "C:\Users\user\documents\visual studio 2010\Projects\Laba 2\Laba 2\Laba 2.vcxproj" завершено (целевые объекты build).

Построение успешно завершено.

Затраченное время: 00:00:00.71
